<?xml version="1.0" encoding="UTF-8"?>
<testsuite xmlns:xsi="http://www.w3.org/2001/XMLSchema-instance" xsi:noNamespaceSchemaLocation="https://maven.apache.org/surefire/maven-surefire-plugin/xsd/surefire-test-report-3.0.xsd" version="3.0" name="runners.TestRunner" time="1.981" tests="1" errors="0" skipped="0" failures="0">
  <properties>
    <property name="java.specification.version" value="21"/>
    <property name="sun.jnu.encoding" value="UTF-8"/>
    <property name="java.class.path" value="/Users/tayyabmohammed/Desktop/fancode/fancode-assignment/target/test-classes:/Users/tayyabmohammed/Desktop/fancode/fancode-assignment/target/classes:/Users/tayyabmohammed/.m2/repository/io/cucumber/cucumber-java/7.18.0/cucumber-java-7.18.0.jar:/Users/tayyabmohammed/.m2/repository/io/cucumber/cucumber-core/7.18.0/cucumber-core-7.18.0.jar:/Users/tayyabmohammed/.m2/repository/io/cucumber/cucumber-gherkin/7.18.0/cucumber-gherkin-7.18.0.jar:/Users/tayyabmohammed/.m2/repository/io/cucumber/cucumber-gherkin-messages/7.18.0/cucumber-gherkin-messages-7.18.0.jar:/Users/tayyabmohammed/.m2/repository/io/cucumber/gherkin/28.0.0/gherkin-28.0.0.jar:/Users/tayyabmohammed/.m2/repository/io/cucumber/messages/24.1.0/messages-24.1.0.jar:/Users/tayyabmohammed/.m2/repository/io/cucumber/testng-xml-formatter/0.1.0/testng-xml-formatter-0.1.0.jar:/Users/tayyabmohammed/.m2/repository/io/cucumber/query/12.1.2/query-12.1.2.jar:/Users/tayyabmohammed/.m2/repository/io/cucumber/tag-expressions/6.1.0/tag-expressions-6.1.0.jar:/Users/tayyabmohammed/.m2/repository/io/cucumber/cucumber-expressions/17.1.0/cucumber-expressions-17.1.0.jar:/Users/tayyabmohammed/.m2/repository/io/cucumber/datatable/7.18.0/datatable-7.18.0.jar:/Users/tayyabmohammed/.m2/repository/io/cucumber/cucumber-plugin/7.18.0/cucumber-plugin-7.18.0.jar:/Users/tayyabmohammed/.m2/repository/io/cucumber/docstring/7.18.0/docstring-7.18.0.jar:/Users/tayyabmohammed/.m2/repository/io/cucumber/html-formatter/21.3.1/html-formatter-21.3.1.jar:/Users/tayyabmohammed/.m2/repository/io/cucumber/junit-xml-formatter/0.4.0/junit-xml-formatter-0.4.0.jar:/Users/tayyabmohammed/.m2/repository/io/cucumber/ci-environment/10.0.1/ci-environment-10.0.1.jar:/Users/tayyabmohammed/.m2/repository/org/apiguardian/apiguardian-api/1.1.2/apiguardian-api-1.1.2.jar:/Users/tayyabmohammed/.m2/repository/io/rest-assured/rest-assured/5.4.0/rest-assured-5.4.0.jar:/Users/tayyabmohammed/.m2/repository/org/apache/groovy/groovy/4.0.16/groovy-4.0.16.jar:/Users/tayyabmohammed/.m2/repository/org/apache/groovy/groovy-xml/4.0.16/groovy-xml-4.0.16.jar:/Users/tayyabmohammed/.m2/repository/org/apache/httpcomponents/httpclient/4.5.13/httpclient-4.5.13.jar:/Users/tayyabmohammed/.m2/repository/org/apache/httpcomponents/httpcore/4.4.13/httpcore-4.4.13.jar:/Users/tayyabmohammed/.m2/repository/commons-logging/commons-logging/1.2/commons-logging-1.2.jar:/Users/tayyabmohammed/.m2/repository/commons-codec/commons-codec/1.11/commons-codec-1.11.jar:/Users/tayyabmohammed/.m2/repository/org/apache/httpcomponents/httpmime/4.5.13/httpmime-4.5.13.jar:/Users/tayyabmohammed/.m2/repository/org/hamcrest/hamcrest/2.2/hamcrest-2.2.jar:/Users/tayyabmohammed/.m2/repository/org/ccil/cowan/tagsoup/tagsoup/1.2.1/tagsoup-1.2.1.jar:/Users/tayyabmohammed/.m2/repository/io/rest-assured/json-path/5.4.0/json-path-5.4.0.jar:/Users/tayyabmohammed/.m2/repository/org/apache/groovy/groovy-json/4.0.16/groovy-json-4.0.16.jar:/Users/tayyabmohammed/.m2/repository/io/rest-assured/rest-assured-common/5.4.0/rest-assured-common-5.4.0.jar:/Users/tayyabmohammed/.m2/repository/io/rest-assured/xml-path/5.4.0/xml-path-5.4.0.jar:/Users/tayyabmohammed/.m2/repository/org/apache/commons/commons-lang3/3.11/commons-lang3-3.11.jar:/Users/tayyabmohammed/.m2/repository/junit/junit/4.13.2/junit-4.13.2.jar:/Users/tayyabmohammed/.m2/repository/org/hamcrest/hamcrest-core/1.3/hamcrest-core-1.3.jar:/Users/tayyabmohammed/.m2/repository/io/cucumber/cucumber-junit/7.18.0/cucumber-junit-7.18.0.jar:/Users/tayyabmohammed/.m2/repository/org/projectlombok/lombok/1.18.32/lombok-1.18.32.jar:"/>
    <property name="java.vm.vendor" value="Amazon.com Inc."/>
    <property name="sun.arch.data.model" value="64"/>
    <property name="java.vendor.url" value="https://aws.amazon.com/corretto/"/>
    <property name="os.name" value="Mac OS X"/>
    <property name="java.vm.specification.version" value="21"/>
    <property name="sun.java.launcher" value="SUN_STANDARD"/>
    <property name="user.country" value="IN"/>
    <property name="sun.boot.library.path" value="/Users/tayyabmohammed/Library/Java/JavaVirtualMachines/corretto-21.0.3/Contents/Home/lib"/>
    <property name="sun.java.command" value="/Users/tayyabmohammed/Desktop/fancode/fancode-assignment/target/surefire/surefirebooter-20240616172046109_3.jar /Users/tayyabmohammed/Desktop/fancode/fancode-assignment/target/surefire 2024-06-16T17-20-46_028-jvmRun1 surefire-20240616172046109_1tmp surefire_0-20240616172046109_2tmp"/>
    <property name="http.nonProxyHosts" value="local|*.local|169.254/16|*.169.254/16"/>
    <property name="jdk.debug" value="release"/>
    <property name="surefire.test.class.path" value="/Users/tayyabmohammed/Desktop/fancode/fancode-assignment/target/test-classes:/Users/tayyabmohammed/Desktop/fancode/fancode-assignment/target/classes:/Users/tayyabmohammed/.m2/repository/io/cucumber/cucumber-java/7.18.0/cucumber-java-7.18.0.jar:/Users/tayyabmohammed/.m2/repository/io/cucumber/cucumber-core/7.18.0/cucumber-core-7.18.0.jar:/Users/tayyabmohammed/.m2/repository/io/cucumber/cucumber-gherkin/7.18.0/cucumber-gherkin-7.18.0.jar:/Users/tayyabmohammed/.m2/repository/io/cucumber/cucumber-gherkin-messages/7.18.0/cucumber-gherkin-messages-7.18.0.jar:/Users/tayyabmohammed/.m2/repository/io/cucumber/gherkin/28.0.0/gherkin-28.0.0.jar:/Users/tayyabmohammed/.m2/repository/io/cucumber/messages/24.1.0/messages-24.1.0.jar:/Users/tayyabmohammed/.m2/repository/io/cucumber/testng-xml-formatter/0.1.0/testng-xml-formatter-0.1.0.jar:/Users/tayyabmohammed/.m2/repository/io/cucumber/query/12.1.2/query-12.1.2.jar:/Users/tayyabmohammed/.m2/repository/io/cucumber/tag-expressions/6.1.0/tag-expressions-6.1.0.jar:/Users/tayyabmohammed/.m2/repository/io/cucumber/cucumber-expressions/17.1.0/cucumber-expressions-17.1.0.jar:/Users/tayyabmohammed/.m2/repository/io/cucumber/datatable/7.18.0/datatable-7.18.0.jar:/Users/tayyabmohammed/.m2/repository/io/cucumber/cucumber-plugin/7.18.0/cucumber-plugin-7.18.0.jar:/Users/tayyabmohammed/.m2/repository/io/cucumber/docstring/7.18.0/docstring-7.18.0.jar:/Users/tayyabmohammed/.m2/repository/io/cucumber/html-formatter/21.3.1/html-formatter-21.3.1.jar:/Users/tayyabmohammed/.m2/repository/io/cucumber/junit-xml-formatter/0.4.0/junit-xml-formatter-0.4.0.jar:/Users/tayyabmohammed/.m2/repository/io/cucumber/ci-environment/10.0.1/ci-environment-10.0.1.jar:/Users/tayyabmohammed/.m2/repository/org/apiguardian/apiguardian-api/1.1.2/apiguardian-api-1.1.2.jar:/Users/tayyabmohammed/.m2/repository/io/rest-assured/rest-assured/5.4.0/rest-assured-5.4.0.jar:/Users/tayyabmohammed/.m2/repository/org/apache/groovy/groovy/4.0.16/groovy-4.0.16.jar:/Users/tayyabmohammed/.m2/repository/org/apache/groovy/groovy-xml/4.0.16/groovy-xml-4.0.16.jar:/Users/tayyabmohammed/.m2/repository/org/apache/httpcomponents/httpclient/4.5.13/httpclient-4.5.13.jar:/Users/tayyabmohammed/.m2/repository/org/apache/httpcomponents/httpcore/4.4.13/httpcore-4.4.13.jar:/Users/tayyabmohammed/.m2/repository/commons-logging/commons-logging/1.2/commons-logging-1.2.jar:/Users/tayyabmohammed/.m2/repository/commons-codec/commons-codec/1.11/commons-codec-1.11.jar:/Users/tayyabmohammed/.m2/repository/org/apache/httpcomponents/httpmime/4.5.13/httpmime-4.5.13.jar:/Users/tayyabmohammed/.m2/repository/org/hamcrest/hamcrest/2.2/hamcrest-2.2.jar:/Users/tayyabmohammed/.m2/repository/org/ccil/cowan/tagsoup/tagsoup/1.2.1/tagsoup-1.2.1.jar:/Users/tayyabmohammed/.m2/repository/io/rest-assured/json-path/5.4.0/json-path-5.4.0.jar:/Users/tayyabmohammed/.m2/repository/org/apache/groovy/groovy-json/4.0.16/groovy-json-4.0.16.jar:/Users/tayyabmohammed/.m2/repository/io/rest-assured/rest-assured-common/5.4.0/rest-assured-common-5.4.0.jar:/Users/tayyabmohammed/.m2/repository/io/rest-assured/xml-path/5.4.0/xml-path-5.4.0.jar:/Users/tayyabmohammed/.m2/repository/org/apache/commons/commons-lang3/3.11/commons-lang3-3.11.jar:/Users/tayyabmohammed/.m2/repository/junit/junit/4.13.2/junit-4.13.2.jar:/Users/tayyabmohammed/.m2/repository/org/hamcrest/hamcrest-core/1.3/hamcrest-core-1.3.jar:/Users/tayyabmohammed/.m2/repository/io/cucumber/cucumber-junit/7.18.0/cucumber-junit-7.18.0.jar:/Users/tayyabmohammed/.m2/repository/org/projectlombok/lombok/1.18.32/lombok-1.18.32.jar:"/>
    <property name="sun.cpu.endian" value="little"/>
    <property name="user.home" value="/Users/tayyabmohammed"/>
    <property name="user.language" value="en"/>
    <property name="java.specification.vendor" value="Oracle Corporation"/>
    <property name="java.version.date" value="2024-04-16"/>
    <property name="java.home" value="/Users/tayyabmohammed/Library/Java/JavaVirtualMachines/corretto-21.0.3/Contents/Home"/>
    <property name="file.separator" value="/"/>
    <property name="basedir" value="/Users/tayyabmohammed/Desktop/fancode/fancode-assignment"/>
    <property name="java.vm.compressedOopsMode" value="Zero based"/>
    <property name="line.separator" value="&#10;"/>
    <property name="java.vm.specification.vendor" value="Oracle Corporation"/>
    <property name="java.specification.name" value="Java Platform API Specification"/>
    <property name="apple.awt.application.name" value="ForkedBooter"/>
    <property name="surefire.real.class.path" value="/Users/tayyabmohammed/Desktop/fancode/fancode-assignment/target/surefire/surefirebooter-20240616172046109_3.jar"/>
    <property name="sun.management.compiler" value="HotSpot 64-Bit Tiered Compilers"/>
    <property name="ftp.nonProxyHosts" value="local|*.local|169.254/16|*.169.254/16"/>
    <property name="java.runtime.version" value="21.0.3+9-LTS"/>
    <property name="user.name" value="tayyabmohammed"/>
    <property name="stdout.encoding" value="US-ASCII"/>
    <property name="path.separator" value=":"/>
    <property name="os.version" value="12.5.1"/>
    <property name="java.runtime.name" value="OpenJDK Runtime Environment"/>
    <property name="file.encoding" value="UTF-8"/>
    <property name="java.vm.name" value="OpenJDK 64-Bit Server VM"/>
    <property name="java.vendor.version" value="Corretto-21.0.3.9.1"/>
    <property name="localRepository" value="/Users/tayyabmohammed/.m2/repository"/>
    <property name="java.vendor.url.bug" value="https://github.com/corretto/corretto-21/issues/"/>
    <property name="java.io.tmpdir" value="/var/folders/24/v4lz3fc90mvf3792gm5fgtt00000gq/T/"/>
    <property name="java.version" value="21.0.3"/>
    <property name="user.dir" value="/Users/tayyabmohammed/Desktop/fancode/fancode-assignment"/>
    <property name="os.arch" value="aarch64"/>
    <property name="java.vm.specification.name" value="Java Virtual Machine Specification"/>
    <property name="native.encoding" value="US-ASCII"/>
    <property name="java.library.path" value="/Users/tayyabmohammed/Library/Java/Extensions:/Library/Java/Extensions:/Network/Library/Java/Extensions:/System/Library/Java/Extensions:/usr/lib/java:."/>
    <property name="java.vm.info" value="mixed mode, sharing"/>
    <property name="stderr.encoding" value="US-ASCII"/>
    <property name="java.vendor" value="Amazon.com Inc."/>
    <property name="java.vm.version" value="21.0.3+9-LTS"/>
    <property name="sun.io.unicode.encoding" value="UnicodeBig"/>
    <property name="socksNonProxyHosts" value="local|*.local|169.254/16|*.169.254/16"/>
    <property name="java.class.version" value="65.0"/>
  </properties>
  <testcase name="Users in FanCode City should have more than 50% completed tasks" classname="Verify Completed Task Percentage for Users in FanCode City" time="1.703">
    <system-out><![CDATA[
Scenario: Users in FanCode City should have more than 50% completed tasks &amp#27;[90m# src/main/resources/fancode.feature:3&amp#27;[0m
Number of todos fetched: 200
  &amp#27;[32mGiven &amp#27;[0m&amp#27;[32mUser has the todo tasks&amp#27;[0m                                           &amp#27;[90m# stepdefs.FancodeStepDefinitions.userHasTodoTasks()&amp#27;[0m
Number of users in FanCode city: 3
  &amp#27;[32mAnd &amp#27;[0m&amp#27;[32mUser belongs to the city FanCode&amp#27;[0m                                    &amp#27;[90m# stepdefs.FancodeStepDefinitions.filterUsersByCityFanCode()&amp#27;[0m
User Bret has completed 55.0% of their tasks.
User Kamren has completed 60.0% of their tasks.
User Moriah.Stanton has completed 60.0% of their tasks.
  &amp#27;[32mThen &amp#27;[0m&amp#27;[32mUser Completed task percentage should be greater than &amp#27;[0m&amp#27;[32m&amp#27;[1m50&amp#27;[0m&amp#27;[32m%&amp#27;[0m          &amp#27;[90m# stepdefs.FancodeStepDefinitions.verifyCompletedTasksPercentage(int)&amp#27;[0m
]]></system-out>
  </testcase>
</testsuite>